2026-05-02 14:54:06 [[32minfo[39m] : [32m🚀 Starting initialization...[39m
2026-05-02 14:54:08 [[31merror[39m] : [31mCan't reach database server at `127.0.0.1:3306`[39m

[31mPlease make sure your database server is running at `127.0.0.1:3306`.[39m
2026-05-02 14:58:57 [[32minfo[39m] : [32m🚀 Starting initialization...[39m
2026-05-02 14:59:00 [[31merror[39m] : [31mCan't reach database server at `127.0.0.1:3306`[39m

[31mPlease make sure your database server is running at `127.0.0.1:3306`.[39m
2026-05-02 15:21:00 [[32minfo[39m] : [32m🚀 Starting initialization...[39m
2026-05-02 15:21:00 [[31merror[39m] : [31mAuthentication failed against database server, the provided database credentials for `root` are not valid.[39m

[31mPlease make sure to provide valid database credentials for the database server at the configured address.[39m
2026-05-02 15:24:55 [[32minfo[39m] : [32m🚀 Starting initialization...[39m
2026-05-02 15:24:55 [[31merror[39m] : [31mAuthentication failed against database server, the provided database credentials for `root` are not valid.[39m

[31mPlease make sure to provide valid database credentials for the database server at the configured address.[39m
2026-05-02 15:28:33 [[32minfo[39m] : [32m🚀 Starting initialization...[39m
2026-05-02 15:28:33 [[31merror[39m] : [31mAuthentication failed against database server, the provided database credentials for `root` are not valid.[39m

[31mPlease make sure to provide valid database credentials for the database server at the configured address.[39m
2026-05-02 15:31:42 [[32minfo[39m] : [32m🚀 Starting initialization...[39m
2026-05-02 15:31:42 [[32minfo[39m] : [32m✅ Database connected[39m
2026-05-02 15:31:42 [[31merror[39m] : [31mconnect ECONNREFUSED 127.0.0.1:6380[39m
2026-05-02 15:31:42 [[33mwarn[39m] : [33mRedis reconnect attempt #1, retrying in 100ms[39m
2026-05-02 15:31:43 [[31merror[39m] : [31mconnect ECONNREFUSED 127.0.0.1:6380[39m
2026-05-02 15:31:43 [[33mwarn[39m] : [33mRedis reconnect attempt #2, retrying in 200ms[39m
2026-05-02 15:31:43 [[31merror[39m] : [31mconnect ECONNREFUSED 127.0.0.1:6380[39m
2026-05-02 15:31:43 [[33mwarn[39m] : [33mRedis reconnect attempt #3, retrying in 300ms[39m
2026-05-02 15:31:43 [[31merror[39m] : [31mconnect ECONNREFUSED 127.0.0.1:6380[39m
2026-05-02 15:31:43 [[33mwarn[39m] : [33mRedis reconnect attempt #4, retrying in 400ms[39m
2026-05-02 15:31:44 [[31merror[39m] : [31mconnect ECONNREFUSED 127.0.0.1:6380[39m
2026-05-02 15:31:44 [[33mwarn[39m] : [33mRedis reconnect attempt #5, retrying in 500ms[39m
2026-05-02 15:31:44 [[31merror[39m] : [31mconnect ECONNREFUSED 127.0.0.1:6380[39m
2026-05-02 15:31:44 [[33mwarn[39m] : [33mRedis reconnect attempt #6, retrying in 600ms[39m
2026-05-02 15:31:45 [[31merror[39m] : [31mconnect ECONNREFUSED 127.0.0.1:6380[39m
2026-05-02 15:31:45 [[33mwarn[39m] : [33mRedis reconnect attempt #7, retrying in 700ms[39m
2026-05-02 15:31:45 [[31merror[39m] : [31mconnect ECONNREFUSED 127.0.0.1:6380[39m
2026-05-02 15:31:45 [[33mwarn[39m] : [33mRedis reconnect attempt #8, retrying in 800ms[39m
2026-05-02 15:31:46 [[31merror[39m] : [31mconnect ECONNREFUSED 127.0.0.1:6380[39m
2026-05-02 15:31:46 [[33mwarn[39m] : [33mRedis reconnect attempt #9, retrying in 900ms[39m
2026-05-02 15:31:47 [[31merror[39m] : [31mconnect ECONNREFUSED 127.0.0.1:6380[39m
2026-05-02 15:31:47 [[33mwarn[39m] : [33mRedis reconnect attempt #10, retrying in 1000ms[39m
2026-05-02 15:31:48 [[31merror[39m] : [31mconnect ECONNREFUSED 127.0.0.1:6380[39m
2026-05-02 15:31:48 [[33mwarn[39m] : [33mRedis reconnect attempt #11, retrying in 1100ms[39m
2026-05-02 15:31:49 [[31merror[39m] : [31mconnect ECONNREFUSED 127.0.0.1:6380[39m
2026-05-02 15:31:49 [[33mwarn[39m] : [33mRedis reconnect attempt #12, retrying in 1200ms[39m
2026-05-02 15:31:50 [[31merror[39m] : [31mconnect ECONNREFUSED 127.0.0.1:6380[39m
2026-05-02 15:31:50 [[33mwarn[39m] : [33mRedis reconnect attempt #13, retrying in 1300ms[39m
2026-05-02 15:31:52 [[31merror[39m] : [31mconnect ECONNREFUSED 127.0.0.1:6380[39m
2026-05-02 15:31:52 [[33mwarn[39m] : [33mRedis reconnect attempt #14, retrying in 1400ms[39m
2026-05-02 15:32:49 [[32minfo[39m] : [32m🚀 Starting initialization...[39m
2026-05-02 15:32:49 [[31merror[39m] : [31mconnect ECONNREFUSED 127.0.0.1:6379[39m
2026-05-02 15:32:49 [[32minfo[39m] : [32m✅ Database connected[39m
2026-05-02 15:32:49 [[33mwarn[39m] : [33mRedis reconnect attempt #1, retrying in 100ms[39m
2026-05-02 15:32:49 [[31merror[39m] : [31mconnect ECONNREFUSED 127.0.0.1:6379[39m
2026-05-02 15:32:49 [[33mwarn[39m] : [33mRedis reconnect attempt #2, retrying in 200ms[39m
2026-05-02 15:32:50 [[31merror[39m] : [31mconnect ECONNREFUSED 127.0.0.1:6379[39m
2026-05-02 15:32:50 [[33mwarn[39m] : [33mRedis reconnect attempt #3, retrying in 300ms[39m
2026-05-02 15:32:50 [[31merror[39m] : [31mconnect ECONNREFUSED 127.0.0.1:6379[39m
2026-05-02 15:32:50 [[33mwarn[39m] : [33mRedis reconnect attempt #4, retrying in 400ms[39m
2026-05-02 15:32:50 [[31merror[39m] : [31mconnect ECONNREFUSED 127.0.0.1:6379[39m
2026-05-02 15:32:50 [[33mwarn[39m] : [33mRedis reconnect attempt #5, retrying in 500ms[39m
2026-05-02 15:32:51 [[31merror[39m] : [31mconnect ECONNREFUSED 127.0.0.1:6379[39m
2026-05-02 15:32:51 [[33mwarn[39m] : [33mRedis reconnect attempt #6, retrying in 600ms[39m
2026-05-02 15:44:34 [[32minfo[39m] : [32m🚀 Starting initialization...[39m
2026-05-02 15:44:34 [[32minfo[39m] : [32m✅ Database connected[39m
2026-05-02 15:44:34 [[31merror[39m] : [31mSuperAdmin email is required[39m
2026-05-02 15:49:07 [[32minfo[39m] : [32m🚀 Starting initialization...[39m
2026-05-02 15:49:07 [[32minfo[39m] : [32m✅ Database connected[39m
2026-05-02 15:49:07 [[31merror[39m] : [31mSuperAdmin email is required[39m
2026-05-02 15:50:24 [[32minfo[39m] : [32m🚀 Starting initialization...[39m
2026-05-02 15:50:24 [[32minfo[39m] : [32m✅ Database connected[39m
2026-05-02 15:50:24 [[32minfo[39m] : [32m🚀 Server running on port 3001[39m
2026-05-02 15:50:36 [[32minfo[39m] : [32mReceived SIGINT. Starting graceful shutdown...[39m
2026-05-02 15:50:36 [[32minfo[39m] : [32mHTTP server closed[39m
2026-05-02 15:50:47 [[32minfo[39m] : [32m🚀 Starting initialization...[39m
2026-05-02 15:50:47 [[32minfo[39m] : [32m✅ Database connected[39m
2026-05-02 15:50:47 [[32minfo[39m] : [32m🚀 Server running on port 3001[39m
2026-05-02 15:52:38 [[32minfo[39m] : [32mReceived SIGINT. Starting graceful shutdown...[39m
2026-05-02 15:52:38 [[32minfo[39m] : [32mHTTP server closed[39m
2026-05-02 16:09:17 [[32minfo[39m] : [32m🚀 Starting initialization...[39m
2026-05-02 16:09:17 [[32minfo[39m] : [32m✅ Database connected[39m
2026-05-02 16:09:17 [[32minfo[39m] : [32m🚀 Server running on port 3001[39m
2026-05-02 16:11:57 [[32minfo[39m] : [32mReceived SIGINT. Starting graceful shutdown...[39m
2026-05-02 16:11:57 [[32minfo[39m] : [32mHTTP server closed[39m
2026-05-02 16:11:57 [[32minfo[39m] : [32mDatabase connection closed[39m
2026-05-02 17:53:58 [[32minfo[39m] : [32m🚀 Starting initialization...[39m
2026-05-02 17:53:58 [[32minfo[39m] : [32m✅ Database connected[39m
2026-05-02 17:53:59 [[32minfo[39m] : [32m🚀 Server running on port 3001[39m
2026-05-02 18:40:54 [[32minfo[39m] : [32m🚀 Starting initialization...[39m
2026-05-02 18:40:54 [[32minfo[39m] : [32m✅ Database connected[39m
2026-05-02 18:40:54 [[32minfo[39m] : [32m🚀 Server running on port 3001[39m
2026-05-02 18:53:09 [[32minfo[39m] : [32mReceived SIGINT. Starting graceful shutdown...[39m
2026-05-02 18:53:10 [[32minfo[39m] : [32mHTTP server closed[39m
2026-05-02 18:53:19 [[32minfo[39m] : [32m🚀 Starting initialization...[39m
2026-05-02 18:53:20 [[32minfo[39m] : [32m✅ Database connected[39m
2026-05-02 18:53:20 [[31merror[39m] : [31m[39m
[31mInvalid `prisma.authUser.create()` invocation in[39m
[31mC:\Users\Hriti\scaffsnap_updated\services\auth-services\src\init\default.superAdmin.ts:24:38[39m

[31m  21 const tempPass = crypto.randomBytes(6).toString("hex");[39m
[31m  22 const hashedPassword = await bcrypt.hash(tempPass, 12);[39m
[31m  23 [39m
[31m→ 24 const user = await prisma.authUser.create([39m
[31mUnique constraint failed on the constraint: `AuthCredentials_email_key`[39m
2026-05-02 18:54:10 [[32minfo[39m] : [32m🚀 Starting initialization...[39m
2026-05-02 18:54:10 [[32minfo[39m] : [32m✅ Database connected[39m
2026-05-02 18:54:10 [[31merror[39m] : [31m[39m
[31mInvalid `prisma.authUser.create()` invocation in[39m
[31mC:\Users\Hriti\scaffsnap_updated\services\auth-services\src\init\default.superAdmin.ts:24:38[39m

[31m  21 const tempPass = crypto.randomBytes(6).toString("hex");[39m
[31m  22 const hashedPassword = await bcrypt.hash(tempPass, 12);[39m
[31m  23 [39m
[31m→ 24 const user = await prisma.authUser.create([39m
[31mUnique constraint failed on the constraint: `AuthCredentials_email_key`[39m
2026-05-02 18:55:53 [[32minfo[39m] : [32m🚀 Starting initialization...[39m
2026-05-02 18:55:53 [[32minfo[39m] : [32m✅ Database connected[39m
2026-05-02 18:55:53 [[32minfo[39m] : [32m🚀 Server running on port 3001[39m
2026-05-02 18:56:08 [[32minfo[39m] : [32mReceived SIGINT. Starting graceful shutdown...[39m
2026-05-02 18:56:08 [[32minfo[39m] : [32mHTTP server closed[39m
2026-05-02 18:56:14 [[32minfo[39m] : [32m🚀 Starting initialization...[39m
2026-05-02 18:56:15 [[32minfo[39m] : [32m✅ Database connected[39m
2026-05-02 18:56:15 [[32minfo[39m] : [32m🚀 Server running on port 3001[39m
2026-05-02 18:56:20 [[34mdebug[39m] : [34m[REQ START] [POST] /api/auth/register[39m
2026-05-02 18:56:20 [[32minfo[39m] : [32m[REQ END] [POST] /api/auth/register - status: 404 - 10.77ms[39m
2026-05-02 18:56:50 [[32minfo[39m] : [32mReceived SIGINT. Starting graceful shutdown...[39m
2026-05-02 18:56:50 [[32minfo[39m] : [32mHTTP server closed[39m
2026-05-02 18:56:50 [[32minfo[39m] : [32mDatabase connection closed[39m
2026-05-02 18:56:58 [[32minfo[39m] : [32m🚀 Starting initialization...[39m
2026-05-02 18:56:58 [[32minfo[39m] : [32m✅ Database connected[39m
2026-05-02 18:56:58 [[32minfo[39m] : [32m🚀 Server running on port 3001[39m
2026-05-02 18:57:01 [[34mdebug[39m] : [34m[REQ START] [POST] /api/auth/register[39m
2026-05-02 18:57:02 [[32minfo[39m] : [32m[REQ END] [POST] /api/auth/register - status: 201 - 289.71ms[39m
2026-05-02 18:57:39 [[32minfo[39m] : [32mReceived SIGINT. Starting graceful shutdown...[39m
2026-05-02 18:57:39 [[32minfo[39m] : [32mHTTP server closed[39m
2026-05-02 18:57:39 [[32minfo[39m] : [32mDatabase connection closed[39m
2026-05-02 18:57:45 [[32minfo[39m] : [32m🚀 Starting initialization...[39m
2026-05-02 18:57:45 [[32minfo[39m] : [32m✅ Database connected[39m
2026-05-02 18:57:45 [[32minfo[39m] : [32m🚀 Server running on port 3001[39m
2026-05-02 18:57:57 [[34mdebug[39m] : [34m[REQ START] [POST] /api/auth/register[39m
2026-05-02 18:57:57 [[32minfo[39m] : [32m[REQ END] [POST] /api/auth/register - status: 201 - 204.31ms[39m
2026-05-02 19:01:46 [[34mdebug[39m] : [34m[REQ START] [POST] /api/auth/register[39m
2026-05-02 19:01:46 [[32minfo[39m] : [32m[REQ END] [POST] /api/auth/register - status: 201 - 378.84ms[39m
2026-05-02 19:04:56 [[34mdebug[39m] : [34m[REQ START] [POST] /api/auth/register[39m
2026-05-02 19:04:56 [[32minfo[39m] : [32m[REQ END] [POST] /api/auth/register - status: 201 - 279.88ms[39m
2026-05-02 19:05:11 [[32minfo[39m] : [32mReceived SIGINT. Starting graceful shutdown...[39m
2026-05-02 19:05:11 [[32minfo[39m] : [32mHTTP server closed[39m
2026-05-02 19:05:11 [[32minfo[39m] : [32mDatabase connection closed[39m
2026-05-02 19:05:22 [[32minfo[39m] : [32m🚀 Starting initialization...[39m
2026-05-02 19:05:22 [[32minfo[39m] : [32m✅ Database connected[39m
2026-05-02 19:05:22 [[32minfo[39m] : [32m🚀 Server running on port 3001[39m
2026-05-02 19:05:36 [[34mdebug[39m] : [34m[REQ START] [POST] /api/auth/register[39m
2026-05-02 19:05:36 [[32minfo[39m] : [32m[REQ END] [POST] /api/auth/register - status: 201 - 261.77ms[39m
2026-05-02 19:06:40 [[32minfo[39m] : [32mReceived SIGINT. Starting graceful shutdown...[39m
2026-05-02 19:06:40 [[32minfo[39m] : [32mHTTP server closed[39m
2026-05-02 19:06:40 [[32minfo[39m] : [32mDatabase connection closed[39m
2026-05-02 19:08:56 [[32minfo[39m] : [32m🚀 Starting initialization...[39m
2026-05-02 19:08:56 [[32minfo[39m] : [32m✅ Database connected[39m
2026-05-02 19:08:56 [[32minfo[39m] : [32m🚀 Server running on port 3001[39m
2026-05-02 19:11:21 [[32minfo[39m] : [32mReceived SIGINT. Starting graceful shutdown...[39m
2026-05-02 19:11:21 [[32minfo[39m] : [32mHTTP server closed[39m
2026-05-02 19:11:21 [[32minfo[39m] : [32mDatabase connection closed[39m
2026-05-02 19:12:48 [[32minfo[39m] : [32m🚀 Starting initialization...[39m
2026-05-02 19:12:49 [[32minfo[39m] : [32m✅ Database connected[39m
2026-05-02 19:12:49 [[32minfo[39m] : [32m🚀 Server running on port 3001[39m
2026-05-02 19:13:34 [[34mdebug[39m] : [34m[REQ START] [POST] /api/auth/register[39m
2026-05-02 19:13:34 [[32minfo[39m] : [32m[REQ END] [POST] /api/auth/register - status: 201 - 298.08ms[39m
2026-05-02 19:15:43 [[32minfo[39m] : [32mReceived SIGINT. Starting graceful shutdown...[39m
2026-05-02 19:15:43 [[32minfo[39m] : [32mHTTP server closed[39m
2026-05-02 19:15:44 [[32minfo[39m] : [32mDatabase connection closed[39m
2026-05-02 19:15:52 [[32minfo[39m] : [32m🚀 Starting initialization...[39m
2026-05-02 19:15:52 [[32minfo[39m] : [32m✅ Database connected[39m
2026-05-02 19:15:52 [[32minfo[39m] : [32m🚀 Server running on port 3001[39m
2026-05-02 19:15:57 [[34mdebug[39m] : [34m[REQ START] [POST] /api/auth/register[39m
2026-05-02 19:15:57 [[32minfo[39m] : [32m[REQ END] [POST] /api/auth/register - status: 201 - 226.75ms[39m
2026-05-02 19:17:08 [[32minfo[39m] : [32mReceived SIGINT. Starting graceful shutdown...[39m
2026-05-02 19:17:08 [[32minfo[39m] : [32mHTTP server closed[39m
2026-05-02 19:17:08 [[32minfo[39m] : [32mDatabase connection closed[39m
2026-05-02 19:17:22 [[32minfo[39m] : [32m🚀 Starting initialization...[39m
2026-05-02 19:17:22 [[32minfo[39m] : [32m✅ Database connected[39m
2026-05-02 19:17:22 [[32minfo[39m] : [32m🚀 Server running on port 3001[39m
2026-05-02 19:17:26 [[34mdebug[39m] : [34m[REQ START] [POST] /api/auth/register[39m
2026-05-02 19:17:26 [[32minfo[39m] : [32m[REQ END] [POST] /api/auth/register - status: 201 - 192.09ms[39m
2026-05-02 19:20:00 [[32minfo[39m] : [32mReceived SIGINT. Starting graceful shutdown...[39m
2026-05-02 19:20:00 [[32minfo[39m] : [32mHTTP server closed[39m
2026-05-02 19:21:08 [[32minfo[39m] : [32m🚀 Starting initialization...[39m
2026-05-02 19:21:09 [[32minfo[39m] : [32m✅ Database connected[39m
2026-05-02 19:21:09 [[32minfo[39m] : [32m🚀 Server running on port 3001[39m
2026-05-02 19:21:27 [[34mdebug[39m] : [34m[REQ START] [POST] /api/auth/register[39m
2026-05-02 19:21:27 [[32minfo[39m] : [32m[REQ END] [POST] /api/auth/register - status: 500 - 320.70ms[39m
2026-05-02 19:22:17 [[32minfo[39m] : [32mReceived SIGINT. Starting graceful shutdown...[39m
2026-05-02 19:22:17 [[32minfo[39m] : [32mHTTP server closed[39m
2026-05-02 19:22:17 [[32minfo[39m] : [32mDatabase connection closed[39m
2026-05-02 19:25:08 [[32minfo[39m] : [32m🚀 Starting initialization...[39m
2026-05-02 19:25:08 [[32minfo[39m] : [32m✅ Database connected[39m
2026-05-02 19:25:08 [[32minfo[39m] : [32m🚀 Server running on port 3001[39m
2026-05-02 19:25:24 [[34mdebug[39m] : [34m[REQ START] [POST] /api/auth/register[39m
2026-05-02 19:25:24 [[32minfo[39m] : [32m[REQ END] [POST] /api/auth/register - status: 201 - 371.99ms[39m
2026-05-02 19:25:35 [[32minfo[39m] : [32mReceived SIGINT. Starting graceful shutdown...[39m
2026-05-02 19:25:35 [[32minfo[39m] : [32mHTTP server closed[39m
2026-05-02 19:25:35 [[32minfo[39m] : [32mDatabase connection closed[39m
2026-05-02 19:26:26 [[32minfo[39m] : [32m🚀 Starting initialization...[39m
2026-05-02 19:26:26 [[32minfo[39m] : [32m✅ Database connected[39m
2026-05-02 19:26:26 [[32minfo[39m] : [32m🚀 Server running on port 3001[39m
2026-05-02 19:26:34 [[34mdebug[39m] : [34m[REQ START] [POST] /api/auth/register[39m
2026-05-02 19:26:35 [[32minfo[39m] : [32m[REQ END] [POST] /api/auth/register - status: 201 - 322.01ms[39m
2026-05-02 19:27:19 [[32minfo[39m] : [32mReceived SIGINT. Starting graceful shutdown...[39m
2026-05-02 19:27:19 [[32minfo[39m] : [32mHTTP server closed[39m
2026-05-02 19:27:19 [[32minfo[39m] : [32mDatabase connection closed[39m
2026-05-02 19:28:38 [[32minfo[39m] : [32m🚀 Starting initialization...[39m
2026-05-02 19:28:38 [[32minfo[39m] : [32m✅ Database connected[39m
2026-05-02 19:28:38 [[32minfo[39m] : [32m🚀 Server running on port 3001[39m
2026-05-02 19:28:41 [[34mdebug[39m] : [34m[REQ START] [POST] /api/auth/register[39m
2026-05-02 19:28:42 [[32minfo[39m] : [32m[REQ END] [POST] /api/auth/register - status: 201 - 209.12ms[39m
2026-05-02 19:28:45 [[32minfo[39m] : [32mReceived SIGINT. Starting graceful shutdown...[39m
2026-05-02 19:28:45 [[32minfo[39m] : [32mHTTP server closed[39m
2026-05-02 19:28:45 [[32minfo[39m] : [32mDatabase connection closed[39m
2026-05-02 20:05:59 [[32minfo[39m] : [32m🚀 Starting initialization...[39m
2026-05-02 20:05:59 [[32minfo[39m] : [32m✅ Database connected[39m
2026-05-02 20:05:59 [[32minfo[39m] : [32m🚀 Server running on port 3001[39m
2026-05-02 20:06:10 [[34mdebug[39m] : [34m[REQ START] [POST] /api/auth/register[39m
2026-05-02 20:06:10 [[32minfo[39m] : [32m[REQ END] [POST] /api/auth/register - status: 201 - 233.36ms[39m
2026-05-02 20:08:29 [[32minfo[39m] : [32mReceived SIGINT. Starting graceful shutdown...[39m
2026-05-02 20:12:15 [[32minfo[39m] : [32m🚀 Starting initialization...[39m
2026-05-02 20:12:15 [[32minfo[39m] : [32m✅ Database connected[39m
2026-05-02 20:12:15 [[32minfo[39m] : [32m🚀 Server running on port 3001[39m
2026-05-02 20:12:25 [[34mdebug[39m] : [34m[REQ START] [POST] /api/auth/register[39m
2026-05-02 20:12:26 [[32minfo[39m] : [32m[REQ END] [POST] /api/auth/register - status: 201 - 400.92ms[39m
2026-05-02 20:14:35 [[34mdebug[39m] : [34m[REQ START] [POST] /api/auth/register[39m
2026-05-02 20:14:35 [[32minfo[39m] : [32m[REQ END] [POST] /api/auth/register - status: 201 - 340.96ms[39m
2026-05-02 20:14:39 [[32minfo[39m] : [32mReceived SIGINT. Starting graceful shutdown...[39m
2026-05-02 20:14:39 [[32minfo[39m] : [32mHTTP server closed[39m
2026-05-02 20:14:39 [[32minfo[39m] : [32mDatabase connection closed[39m
2026-05-02 20:14:50 [[32minfo[39m] : [32m🚀 Starting initialization...[39m
2026-05-02 20:14:50 [[32minfo[39m] : [32m✅ Database connected[39m
2026-05-02 20:14:50 [[32minfo[39m] : [32m🚀 Server running on port 3001[39m
2026-05-02 20:14:52 [[34mdebug[39m] : [34m[REQ START] [POST] /api/auth/register[39m
2026-05-02 20:14:52 [[32minfo[39m] : [32m[REQ END] [POST] /api/auth/register - status: 201 - 227.89ms[39m
2026-05-02 20:16:36 [[32minfo[39m] : [32mReceived SIGINT. Starting graceful shutdown...[39m
2026-05-02 20:16:36 [[32minfo[39m] : [32mHTTP server closed[39m
2026-05-02 20:16:36 [[32minfo[39m] : [32mDatabase connection closed[39m
2026-05-02 20:16:43 [[32minfo[39m] : [32m🚀 Starting initialization...[39m
2026-05-02 20:16:43 [[32minfo[39m] : [32m✅ Database connected[39m
2026-05-02 20:16:43 [[32minfo[39m] : [32m🚀 Server running on port 3001[39m
2026-05-02 20:16:49 [[34mdebug[39m] : [34m[REQ START] [POST] /api/auth/register[39m
2026-05-02 20:16:49 [[32minfo[39m] : [32m[REQ END] [POST] /api/auth/register - status: 201 - 333.58ms[39m
2026-05-02 20:20:11 [[32minfo[39m] : [32mReceived SIGINT. Starting graceful shutdown...[39m
2026-05-02 20:20:11 [[32minfo[39m] : [32mHTTP server closed[39m
2026-05-02 20:20:11 [[32minfo[39m] : [32mDatabase connection closed[39m
2026-05-02 20:20:19 [[32minfo[39m] : [32m🚀 Starting initialization...[39m
2026-05-02 20:20:19 [[32minfo[39m] : [32m✅ Database connected[39m
2026-05-02 20:20:19 [[32minfo[39m] : [32m🚀 Server running on port 3001[39m
2026-05-02 20:20:26 [[34mdebug[39m] : [34m[REQ START] [POST] /api/auth/register[39m
2026-05-02 20:20:26 [[32minfo[39m] : [32m[REQ END] [POST] /api/auth/register - status: 201 - 231.96ms[39m
2026-05-02 20:20:49 [[32minfo[39m] : [32mReceived SIGINT. Starting graceful shutdown...[39m
2026-05-02 20:20:49 [[32minfo[39m] : [32mHTTP server closed[39m
2026-05-02 20:20:59 [[32minfo[39m] : [32m🚀 Starting initialization...[39m
2026-05-02 20:20:59 [[32minfo[39m] : [32m✅ Database connected[39m
2026-05-02 20:20:59 [[32minfo[39m] : [32m🚀 Server running on port 3001[39m
2026-05-02 21:57:14 [[34mdebug[39m] : [34m[REQ START] [POST] /api/auth/register[39m
2026-05-02 21:57:15 [[32minfo[39m] : [32m[REQ END] [POST] /api/auth/register - status: 500 - 472.98ms[39m
2026-05-02 22:40:04 [[32minfo[39m] : [32mReceived SIGINT. Starting graceful shutdown...[39m
2026-05-02 22:40:26 [[32minfo[39m] : [32m🚀 Starting initialization...[39m
2026-05-02 22:40:26 [[32minfo[39m] : [32m✅ Database connected[39m
2026-05-02 22:40:26 [[32minfo[39m] : [32m🚀 Server running on port 3001[39m
2026-05-02 22:40:30 [[34mdebug[39m] : [34m[REQ START] [POST] /api/auth/register[39m
2026-05-02 22:40:30 [[32minfo[39m] : [32m[REQ END] [POST] /api/auth/register - status: 409 - 17.59ms[39m
2026-05-02 22:40:39 [[34mdebug[39m] : [34m[REQ START] [POST] /api/auth/register[39m
2026-05-02 22:40:39 [[32minfo[39m] : [32m[REQ END] [POST] /api/auth/register - status: 500 - 247.00ms[39m
2026-05-02 22:44:52 [[32minfo[39m] : [32mReceived SIGINT. Starting graceful shutdown...[39m
2026-05-02 22:44:52 [[32minfo[39m] : [32mHTTP server closed[39m
2026-05-02 22:44:52 [[32minfo[39m] : [32mDatabase connection closed[39m
2026-05-02 22:45:02 [[32minfo[39m] : [32m🚀 Starting initialization...[39m
2026-05-02 22:45:02 [[32minfo[39m] : [32m✅ Database connected[39m
2026-05-02 22:45:02 [[32minfo[39m] : [32m🚀 Server running on port 3001[39m
2026-05-02 22:45:09 [[34mdebug[39m] : [34m[REQ START] [POST] /api/auth/register[39m
2026-05-02 22:45:09 [[32minfo[39m] : [32m[REQ END] [POST] /api/auth/register - status: 500 - 298.79ms[39m
2026-05-02 22:48:02 [[32minfo[39m] : [32mReceived SIGINT. Starting graceful shutdown...[39m
2026-05-02 22:48:02 [[32minfo[39m] : [32mHTTP server closed[39m
2026-05-02 22:48:02 [[32minfo[39m] : [32mDatabase connection closed[39m
2026-05-02 22:48:46 [[32minfo[39m] : [32m🚀 Starting initialization...[39m
2026-05-02 22:48:46 [[32minfo[39m] : [32m✅ Database connected[39m
2026-05-02 22:48:46 [[32minfo[39m] : [32m🚀 Server running on port 3001[39m
2026-05-02 22:48:53 [[34mdebug[39m] : [34m[REQ START] [POST] /api/auth/register[39m
2026-05-02 22:48:53 [[32minfo[39m] : [32m[REQ END] [POST] /api/auth/register - status: 500 - 219.92ms[39m
2026-05-02 22:49:34 [[32minfo[39m] : [32mReceived SIGINT. Starting graceful shutdown...[39m
2026-05-02 22:49:34 [[32minfo[39m] : [32mHTTP server closed[39m
2026-05-02 22:49:34 [[32minfo[39m] : [32mDatabase connection closed[39m
2026-05-02 22:57:09 [[32minfo[39m] : [32m🚀 Starting initialization...[39m
2026-05-02 22:57:09 [[32minfo[39m] : [32m✅ Database connected[39m
2026-05-02 22:57:09 [[32minfo[39m] : [32m🚀 Server running on port 3001[39m
2026-05-02 22:57:20 [[34mdebug[39m] : [34m[REQ START] [POST] /api/auth/register[39m
2026-05-02 22:57:20 [[32minfo[39m] : [32m[REQ END] [POST] /api/auth/register - status: 201 - 284.24ms[39m
2026-05-02 22:58:32 [[32minfo[39m] : [32mReceived SIGINT. Starting graceful shutdown...[39m
2026-05-02 22:58:32 [[32minfo[39m] : [32mHTTP server closed[39m
2026-05-02 22:58:32 [[32minfo[39m] : [32mDatabase connection closed[39m
2026-05-02 22:58:39 [[32minfo[39m] : [32m🚀 Starting initialization...[39m
2026-05-02 22:58:39 [[32minfo[39m] : [32m✅ Database connected[39m
2026-05-02 22:58:39 [[32minfo[39m] : [32m🚀 Server running on port 3001[39m
2026-05-02 22:58:47 [[34mdebug[39m] : [34m[REQ START] [POST] /api/auth/register[39m
2026-05-02 22:58:48 [[32minfo[39m] : [32m[REQ END] [POST] /api/auth/register - status: 201 - 405.02ms[39m
2026-05-02 22:59:01 [[34mdebug[39m] : [34m[REQ START] [POST] /api/auth/register[39m
2026-05-02 22:59:01 [[32minfo[39m] : [32m[REQ END] [POST] /api/auth/register - status: 409 - 7.65ms[39m
2026-05-02 22:59:07 [[34mdebug[39m] : [34m[REQ START] [POST] /api/auth/register[39m
2026-05-02 22:59:08 [[32minfo[39m] : [32m[REQ END] [POST] /api/auth/register - status: 201 - 177.72ms[39m
2026-05-02 23:15:15 [[32minfo[39m] : [32mReceived SIGINT. Starting graceful shutdown...[39m
2026-05-02 23:15:24 [[32minfo[39m] : [32m🚀 Starting initialization...[39m
2026-05-02 23:15:24 [[32minfo[39m] : [32m✅ Database connected[39m
2026-05-02 23:15:25 [[32minfo[39m] : [32m🚀 Server running on port 3001[39m
2026-05-02 23:15:40 [[34mdebug[39m] : [34m[REQ START] [POST] /api/auth/login[39m
2026-05-02 23:15:40 [[32minfo[39m] : [32m[REQ END] [POST] /api/auth/login - status: 200 - 221.43ms[39m
2026-05-02 23:16:33 [[34mdebug[39m] : [34m[REQ START] [POST] /api/auth/login[39m
2026-05-02 23:16:33 [[32minfo[39m] : [32m[REQ END] [POST] /api/auth/login - status: 401 - 480.34ms[39m
2026-05-02 23:16:48 [[34mdebug[39m] : [34m[REQ START] [POST] /api/auth/login[39m
2026-05-02 23:16:48 [[32minfo[39m] : [32m[REQ END] [POST] /api/auth/login - status: 200 - 142.75ms[39m
2026-05-04 17:09:59 [[32minfo[39m] : [32m🚀 Starting initialization...[39m
2026-05-04 17:10:00 [[32minfo[39m] : [32m✅ Database connected[39m
2026-05-04 17:10:00 [[32minfo[39m] : [32m🚀 Server running on port 3001[39m
2026-05-04 17:10:03 [[32minfo[39m] : [32mReceived SIGINT. Starting graceful shutdown...[39m
2026-05-04 17:10:03 [[32minfo[39m] : [32mHTTP server closed[39m
2026-05-04 17:11:10 [[32minfo[39m] : [32m🚀 Starting initialization...[39m
2026-05-04 17:11:10 [[32minfo[39m] : [32m✅ Database connected[39m
2026-05-04 17:11:10 [[32minfo[39m] : [32m🚀 Server running on port 3001[39m
2026-05-04 17:11:38 [[32minfo[39m] : [32mReceived SIGINT. Starting graceful shutdown...[39m
2026-05-04 17:11:38 [[32minfo[39m] : [32mHTTP server closed[39m
2026-05-04 17:11:50 [[32minfo[39m] : [32m🚀 Starting initialization...[39m
2026-05-04 17:11:50 [[32minfo[39m] : [32m✅ Database connected[39m
2026-05-04 17:11:50 [[32minfo[39m] : [32m🚀 Server running on port 3001[39m
2026-05-04 17:12:15 [[34mdebug[39m] : [34m[REQ START] [POST] /api/auth/register[39m
2026-05-04 17:12:15 [[32minfo[39m] : [32m[REQ END] [POST] /api/auth/register - status: 409 - 22.77ms[39m
2026-05-04 17:12:56 [[34mdebug[39m] : [34m[REQ START] [POST] /api/auth/login[39m
2026-05-04 17:12:56 [[32minfo[39m] : [32m[REQ END] [POST] /api/auth/login - status: 200 - 585.39ms[39m
2026-05-04 17:17:00 [[34mdebug[39m] : [34m[REQ START] [POST] /api/auth/login[39m
2026-05-04 17:17:00 [[32minfo[39m] : [32m[REQ END] [POST] /api/auth/login - status: 200 - 465.52ms[39m
2026-05-04 17:23:19 [[32minfo[39m] : [32mReceived SIGINT. Starting graceful shutdown...[39m
2026-05-04 17:23:19 [[32minfo[39m] : [32mHTTP server closed[39m
2026-05-04 17:23:19 [[32minfo[39m] : [32mDatabase connection closed[39m
2026-05-04 17:57:53 [[32minfo[39m] : [32m🚀 Starting initialization...[39m
2026-05-04 17:57:53 [[32minfo[39m] : [32m✅ Database connected[39m
2026-05-04 17:57:53 [[32minfo[39m] : [32m🚀 Server running on port 3001[39m
2026-05-04 17:58:20 [[34mdebug[39m] : [34m[REQ START] [POST] /api/auth/logout[39m
2026-05-04 18:08:19 [[32minfo[39m] : [32m🚀 Starting initialization...[39m
2026-05-04 18:08:19 [[32minfo[39m] : [32m✅ Database connected[39m
2026-05-04 18:08:19 [[32minfo[39m] : [32m🚀 Server running on port 3001[39m
2026-05-04 18:08:52 [[34mdebug[39m] : [34m[REQ START] [POST] /api/auth/logout[39m
2026-05-04 18:10:26 [[32minfo[39m] : [32m🚀 Starting initialization...[39m
2026-05-04 18:10:26 [[32minfo[39m] : [32m✅ Database connected[39m
2026-05-04 18:10:26 [[32minfo[39m] : [32m🚀 Server running on port 3001[39m
2026-05-04 18:10:35 [[34mdebug[39m] : [34m[REQ START] [POST] /api/auth/logout[39m
2026-05-04 18:13:46 [[32minfo[39m] : [32m🚀 Starting initialization...[39m
2026-05-04 18:13:47 [[32minfo[39m] : [32m✅ Database connected[39m
2026-05-04 18:13:47 [[32minfo[39m] : [32m🚀 Server running on port 3001[39m
2026-05-04 18:13:51 [[34mdebug[39m] : [34m[REQ START] [POST] /api/auth/logout[39m
2026-05-04 18:14:28 [[32minfo[39m] : [32m🚀 Starting initialization...[39m
2026-05-04 18:14:28 [[32minfo[39m] : [32m✅ Database connected[39m
2026-05-04 18:14:28 [[32minfo[39m] : [32m🚀 Server running on port 3001[39m
2026-05-04 18:14:32 [[34mdebug[39m] : [34m[REQ START] [POST] /api/auth/logout[39m
2026-05-04 18:20:44 [[32minfo[39m] : [32mReceived SIGINT. Starting graceful shutdown...[39m
2026-05-04 18:20:44 [[32minfo[39m] : [32mHTTP server closed[39m
2026-05-04 18:20:58 [[32minfo[39m] : [32m🚀 Starting initialization...[39m
2026-05-04 18:20:58 [[32minfo[39m] : [32m✅ Database connected[39m
2026-05-04 18:20:58 [[32minfo[39m] : [32m🚀 Server running on port 3001[39m
2026-05-04 18:21:09 [[34mdebug[39m] : [34m[REQ START] [POST] /api/auth/logout[39m
2026-05-04 18:21:10 [[32minfo[39m] : [32m[REQ END] [POST] /api/auth/logout - status: 500 - 294.87ms[39m
2026-05-04 18:22:26 [[32minfo[39m] : [32mReceived SIGINT. Starting graceful shutdown...[39m
2026-05-04 18:22:26 [[32minfo[39m] : [32mHTTP server closed[39m
2026-05-04 18:22:26 [[32minfo[39m] : [32mDatabase connection closed[39m
2026-05-04 18:22:38 [[32minfo[39m] : [32m🚀 Starting initialization...[39m
2026-05-04 18:22:38 [[32minfo[39m] : [32m✅ Database connected[39m
2026-05-04 18:22:38 [[32minfo[39m] : [32m🚀 Server running on port 3001[39m
2026-05-04 18:22:42 [[34mdebug[39m] : [34m[REQ START] [POST] /api/auth/logout[39m
2026-05-04 18:22:42 [[32minfo[39m] : [32m[REQ END] [POST] /api/auth/logout - status: 500 - 264.97ms[39m
2026-05-04 18:23:23 [[34mdebug[39m] : [34m[REQ START] [POST] /api/auth/login[39m
2026-05-04 18:23:24 [[32minfo[39m] : [32m[REQ END] [POST] /api/auth/login - status: 200 - 631.50ms[39m
2026-05-04 18:23:48 [[34mdebug[39m] : [34m[REQ START] [POST] /api/auth/login[39m
2026-05-04 18:23:48 [[32minfo[39m] : [32m[REQ END] [POST] /api/auth/login - status: 500 - 27.98ms[39m
2026-05-04 18:23:57 [[34mdebug[39m] : [34m[REQ START] [POST] /api/auth/logout[39m
2026-05-04 18:23:57 [[32minfo[39m] : [32m[REQ END] [POST] /api/auth/logout - status: 500 - 30.72ms[39m
2026-05-04 18:24:36 [[34mdebug[39m] : [34m[REQ START] [POST] /api/auth/logout[39m
2026-05-04 18:24:36 [[32minfo[39m] : [32m[REQ END] [POST] /api/auth/logout - status: 500 - 14.18ms[39m
2026-05-04 18:26:13 [[32minfo[39m] : [32mReceived SIGINT. Starting graceful shutdown...[39m
2026-05-04 18:26:13 [[32minfo[39m] : [32mHTTP server closed[39m
2026-05-04 18:26:13 [[32minfo[39m] : [32mDatabase connection closed[39m
2026-05-04 18:26:59 [[32minfo[39m] : [32m🚀 Starting initialization...[39m
2026-05-04 18:26:59 [[32minfo[39m] : [32m✅ Database connected[39m
2026-05-04 18:26:59 [[32minfo[39m] : [32m🚀 Server running on port 3001[39m
2026-05-04 18:27:04 [[34mdebug[39m] : [34m[REQ START] [POST] /api/auth/logout[39m
2026-05-04 18:27:04 [[32minfo[39m] : [32m[REQ END] [POST] /api/auth/logout - status: 500 - 310.01ms[39m
2026-05-04 18:29:02 [[32minfo[39m] : [32mReceived SIGINT. Starting graceful shutdown...[39m
2026-05-04 18:29:02 [[32minfo[39m] : [32mHTTP server closed[39m
2026-05-04 18:29:14 [[32minfo[39m] : [32m🚀 Starting initialization...[39m
2026-05-04 18:29:14 [[32minfo[39m] : [32m✅ Database connected[39m
2026-05-04 18:29:14 [[32minfo[39m] : [32m🚀 Server running on port 3001[39m
2026-05-04 18:29:21 [[34mdebug[39m] : [34m[REQ START] [POST] /api/auth/logout[39m
2026-05-04 18:29:21 [[32minfo[39m] : [32m[REQ END] [POST] /api/auth/logout - status: 401 - 45.33ms[39m
2026-05-04 18:30:09 [[34mdebug[39m] : [34m[REQ START] [POST] /api/auth/logout[39m
2026-05-04 18:30:09 [[32minfo[39m] : [32m[REQ END] [POST] /api/auth/logout - status: 401 - 12.32ms[39m
2026-05-04 18:31:31 [[32minfo[39m] : [32mReceived SIGINT. Starting graceful shutdown...[39m
2026-05-04 18:31:31 [[32minfo[39m] : [32mHTTP server closed[39m
2026-05-04 18:31:44 [[32minfo[39m] : [32m🚀 Starting initialization...[39m
2026-05-04 18:31:45 [[32minfo[39m] : [32m✅ Database connected[39m
2026-05-04 18:31:45 [[32minfo[39m] : [32m🚀 Server running on port 3001[39m
2026-05-04 18:31:47 [[34mdebug[39m] : [34m[REQ START] [POST] /api/auth/logout[39m
2026-05-04 18:31:47 [[32minfo[39m] : [32m[REQ END] [POST] /api/auth/logout - status: 401 - 48.14ms[39m
2026-05-04 18:32:11 [[32minfo[39m] : [32mReceived SIGINT. Starting graceful shutdown...[39m
2026-05-04 18:32:11 [[32minfo[39m] : [32mHTTP server closed[39m
2026-05-04 18:32:11 [[32minfo[39m] : [32mDatabase connection closed[39m
2026-05-04 18:32:25 [[32minfo[39m] : [32m🚀 Starting initialization...[39m
2026-05-04 18:32:25 [[32minfo[39m] : [32m✅ Database connected[39m
2026-05-04 18:32:25 [[32minfo[39m] : [32m🚀 Server running on port 3001[39m
2026-05-04 18:32:26 [[34mdebug[39m] : [34m[REQ START] [POST] /api/auth/logout[39m
2026-05-04 18:32:27 [[32minfo[39m] : [32m[REQ END] [POST] /api/auth/logout - status: 401 - 56.69ms[39m
2026-05-04 18:33:28 [[32minfo[39m] : [32mReceived SIGINT. Starting graceful shutdown...[39m
2026-05-04 18:33:28 [[32minfo[39m] : [32mHTTP server closed[39m
2026-05-04 18:33:43 [[32minfo[39m] : [32m🚀 Starting initialization...[39m
2026-05-04 18:33:43 [[32minfo[39m] : [32m✅ Database connected[39m
2026-05-04 18:33:44 [[32minfo[39m] : [32m🚀 Server running on port 3001[39m
2026-05-04 18:33:46 [[34mdebug[39m] : [34m[REQ START] [POST] /api/auth/logout[39m
2026-05-04 18:33:46 [[32minfo[39m] : [32m[REQ END] [POST] /api/auth/logout - status: 401 - 42.49ms[39m
2026-05-04 18:35:35 [[32minfo[39m] : [32mReceived SIGINT. Starting graceful shutdown...[39m
2026-05-04 18:35:35 [[32minfo[39m] : [32mHTTP server closed[39m
2026-05-04 18:35:35 [[32minfo[39m] : [32mDatabase connection closed[39m
2026-05-04 18:36:43 [[32minfo[39m] : [32m🚀 Starting initialization...[39m
2026-05-04 18:36:43 [[32minfo[39m] : [32m✅ Database connected[39m
2026-05-04 18:36:44 [[32minfo[39m] : [32m🚀 Server running on port 3001[39m
2026-05-04 18:37:05 [[34mdebug[39m] : [34m[REQ START] [POST] /api/auth/logout[39m
2026-05-04 18:37:05 [[32minfo[39m] : [32m[REQ END] [POST] /api/auth/logout - status: 401 - 41.64ms[39m
2026-05-04 18:37:29 [[32minfo[39m] : [32mReceived SIGINT. Starting graceful shutdown...[39m
2026-05-04 18:37:29 [[32minfo[39m] : [32mHTTP server closed[39m
2026-05-04 18:37:43 [[32minfo[39m] : [32m🚀 Starting initialization...[39m
2026-05-04 18:37:43 [[32minfo[39m] : [32m✅ Database connected[39m
2026-05-04 18:37:43 [[32minfo[39m] : [32m🚀 Server running on port 3001[39m
2026-05-04 18:37:48 [[34mdebug[39m] : [34m[REQ START] [POST] /api/auth/logout[39m
2026-05-04 18:37:48 [[32minfo[39m] : [32m[REQ END] [POST] /api/auth/logout - status: 401 - 51.31ms[39m
2026-05-04 18:39:00 [[32minfo[39m] : [32mReceived SIGINT. Starting graceful shutdown...[39m
2026-05-04 18:39:00 [[32minfo[39m] : [32mHTTP server closed[39m
2026-05-04 18:39:16 [[32minfo[39m] : [32m🚀 Starting initialization...[39m
2026-05-04 18:39:16 [[32minfo[39m] : [32m✅ Database connected[39m
2026-05-04 18:39:16 [[32minfo[39m] : [32m🚀 Server running on port 3001[39m
2026-05-04 18:39:20 [[34mdebug[39m] : [34m[REQ START] [POST] /api/auth/logout[39m
2026-05-04 18:39:20 [[32minfo[39m] : [32m[REQ END] [POST] /api/auth/logout - status: 401 - 42.77ms[39m
2026-05-04 18:41:40 [[32minfo[39m] : [32mReceived SIGINT. Starting graceful shutdown...[39m
2026-05-04 18:41:40 [[32minfo[39m] : [32mHTTP server closed[39m
2026-05-04 18:41:56 [[32minfo[39m] : [32m🚀 Starting initialization...[39m
2026-05-04 18:41:56 [[32minfo[39m] : [32m✅ Database connected[39m
2026-05-04 18:41:56 [[32minfo[39m] : [32m🚀 Server running on port 3001[39m
2026-05-04 18:41:59 [[34mdebug[39m] : [34m[REQ START] [POST] /api/auth/logout[39m
2026-05-04 18:42:00 [[32minfo[39m] : [32m[REQ END] [POST] /api/auth/logout - status: 200 - 221.39ms[39m
2026-05-04 18:43:33 [[32minfo[39m] : [32mReceived SIGINT. Starting graceful shutdown...[39m
2026-05-04 18:43:33 [[32minfo[39m] : [32mHTTP server closed[39m
2026-05-04 18:58:52 [[32minfo[39m] : [32m🚀 Starting initialization...[39m
2026-05-04 18:58:53 [[32minfo[39m] : [32m✅ Database connected[39m
2026-05-04 18:58:53 [[32minfo[39m] : [32m🚀 Server running on port 3001[39m
2026-05-04 18:58:58 [[34mdebug[39m] : [34m[REQ START] [POST] /api/auth/login[39m
2026-05-04 18:58:59 [[32minfo[39m] : [32m[REQ END] [POST] /api/auth/login - status: 200 - 617.83ms[39m
2026-05-04 18:59:21 [[34mdebug[39m] : [34m[REQ START] [POST] /api/auth/logout[39m
2026-05-04 18:59:21 [[32minfo[39m] : [32m[REQ END] [POST] /api/auth/logout - status: 200 - 49.05ms[39m
2026-05-04 22:56:32 [[32minfo[39m] : [32m🚀 Starting initialization...[39m
2026-05-04 22:56:33 [[31merror[39m] : [31mError querying the database: Server error: `ERROR 28000 (1698): Access denied for user 'root'@'localhost''[39m
2026-05-04 22:57:49 [[32minfo[39m] : [32m🚀 Starting initialization...[39m
2026-05-04 22:57:49 [[31merror[39m] : [31mError querying the database: Server error: `ERROR 28000 (1698): Access denied for user 'root'@'localhost''[39m
2026-05-04 22:58:26 [[32minfo[39m] : [32m🚀 Starting initialization...[39m
2026-05-04 22:58:26 [[31merror[39m] : [31mError querying the database: Server error: `ERROR 28000 (1698): Access denied for user 'root'@'localhost''[39m
2026-05-04 22:58:46 [[32minfo[39m] : [32m🚀 Starting initialization...[39m
2026-05-04 22:58:46 [[31merror[39m] : [31mError querying the database: Server error: `ERROR 28000 (1698): Access denied for user 'root'@'localhost''[39m
2026-05-04 23:01:17 [[32minfo[39m] : [32m🚀 Starting initialization...[39m
2026-05-04 23:01:17 [[31merror[39m] : [31mDatabase `SCAFFSNAPP_BACKEND` does not exist[39m
2026-05-04 23:03:30 [[32minfo[39m] : [32m🚀 Starting initialization...[39m
2026-05-04 23:03:30 [[31merror[39m] : [31mDatabase `SCAFFSNAPP_BACKEND` does not exist[39m
2026-05-04 23:05:16 [[32minfo[39m] : [32m🚀 Starting initialization...[39m
2026-05-04 23:05:16 [[32minfo[39m] : [32m✅ Database connected[39m
2026-05-04 23:05:16 [[31merror[39m] : [31m[39m
[31mInvalid `prisma.authCredentials.findUnique()` invocation in[39m
[31mC:\Users\Hriti\OneDrive\Desktop\scaffsnap_updated\services\auth-services\src\init\default.superAdmin.ts:6:51[39m

[31m  3 import crypto from "node:crypto"; [39m
[31m  4 [39m
[31m  5 export const createDefaultSuperAdmin = async (email: string) => {[39m
[31m→ 6 const existingUser = await prisma.authCredentials.findUnique([39m
[31mThe table `AuthCredentials` does not exist in the current database.[39m
2026-05-04 23:06:09 [[32minfo[39m] : [32m🚀 Starting initialization...[39m
2026-05-04 23:06:09 [[32minfo[39m] : [32m✅ Database connected[39m
2026-05-04 23:06:09 [[31merror[39m] : [31m[39m
[31mInvalid `prisma.authCredentials.findUnique()` invocation in[39m
[31mC:\Users\Hriti\OneDrive\Desktop\scaffsnap_updated\services\auth-services\src\init\default.superAdmin.ts:6:51[39m

[31m  3 import crypto from "node:crypto"; [39m
[31m  4 [39m
[31m  5 export const createDefaultSuperAdmin = async (email: string) => {[39m
[31m→ 6 const existingUser = await prisma.authCredentials.findUnique([39m
[31mThe table `AuthCredentials` does not exist in the current database.[39m
2026-05-04 23:07:12 [[32minfo[39m] : [32m🚀 Starting initialization...[39m
2026-05-04 23:07:12 [[32minfo[39m] : [32m✅ Database connected[39m
2026-05-04 23:07:13 [[32minfo[39m] : [32m🚀 Server running on port 3001[39m
2026-05-04 23:10:19 [[34mdebug[39m] : [34m[REQ START] [POST] /api/auth/forgot-password[39m
2026-05-04 23:10:20 [[32minfo[39m] : [32m[REQ END] [POST] /api/auth/forgot-password - status: 200 - 409.98ms[39m
2026-05-04 23:12:13 [[32minfo[39m] : [32mReceived SIGINT. Starting graceful shutdown...[39m
2026-05-04 23:12:13 [[32minfo[39m] : [32mHTTP server closed[39m
2026-05-04 23:12:13 [[32minfo[39m] : [32mDatabase connection closed[39m
2026-05-04 23:12:25 [[32minfo[39m] : [32m🚀 Starting initialization...[39m
2026-05-04 23:12:25 [[32minfo[39m] : [32m✅ Database connected[39m
2026-05-04 23:12:25 [[32minfo[39m] : [32m🚀 Server running on port 3001[39m
2026-05-04 23:12:30 [[34mdebug[39m] : [34m[REQ START] [POST] /api/auth/forgot-password[39m
2026-05-04 23:12:31 [[32minfo[39m] : [32m[REQ END] [POST] /api/auth/forgot-password - status: 200 - 111.00ms[39m
2026-05-04 23:12:34 [[34mdebug[39m] : [34m[REQ START] [POST] /api/auth/forgot-password[39m
2026-05-04 23:12:34 [[32minfo[39m] : [32m[REQ END] [POST] /api/auth/forgot-password - status: 200 - 52.25ms[39m
2026-05-04 23:12:49 [[34mdebug[39m] : [34m[REQ START] [POST] /api/auth/forgot-password[39m
2026-05-04 23:12:49 [[32minfo[39m] : [32m[REQ END] [POST] /api/auth/forgot-password - status: 200 - 46.04ms[39m
