2026-05-02 14:54:08 [[31merror[39m] : [31mCan't reach database server at `127.0.0.1:3306`[39m

[31mPlease make sure your database server is running at `127.0.0.1:3306`.[39m
2026-05-02 14:59:00 [[31merror[39m] : [31mCan't reach database server at `127.0.0.1:3306`[39m

[31mPlease make sure your database server is running at `127.0.0.1:3306`.[39m
2026-05-02 15:21:00 [[31merror[39m] : [31mAuthentication failed against database server, the provided database credentials for `root` are not valid.[39m

[31mPlease make sure to provide valid database credentials for the database server at the configured address.[39m
2026-05-02 15:24:55 [[31merror[39m] : [31mAuthentication failed against database server, the provided database credentials for `root` are not valid.[39m

[31mPlease make sure to provide valid database credentials for the database server at the configured address.[39m
2026-05-02 15:28:33 [[31merror[39m] : [31mAuthentication failed against database server, the provided database credentials for `root` are not valid.[39m

[31mPlease make sure to provide valid database credentials for the database server at the configured address.[39m
2026-05-02 15:31:42 [[31merror[39m] : [31mconnect ECONNREFUSED 127.0.0.1:6380[39m
2026-05-02 15:31:43 [[31merror[39m] : [31mconnect ECONNREFUSED 127.0.0.1:6380[39m
2026-05-02 15:31:43 [[31merror[39m] : [31mconnect ECONNREFUSED 127.0.0.1:6380[39m
2026-05-02 15:31:43 [[31merror[39m] : [31mconnect ECONNREFUSED 127.0.0.1:6380[39m
2026-05-02 15:31:44 [[31merror[39m] : [31mconnect ECONNREFUSED 127.0.0.1:6380[39m
2026-05-02 15:31:44 [[31merror[39m] : [31mconnect ECONNREFUSED 127.0.0.1:6380[39m
2026-05-02 15:31:45 [[31merror[39m] : [31mconnect ECONNREFUSED 127.0.0.1:6380[39m
2026-05-02 15:31:45 [[31merror[39m] : [31mconnect ECONNREFUSED 127.0.0.1:6380[39m
2026-05-02 15:31:46 [[31merror[39m] : [31mconnect ECONNREFUSED 127.0.0.1:6380[39m
2026-05-02 15:31:47 [[31merror[39m] : [31mconnect ECONNREFUSED 127.0.0.1:6380[39m
2026-05-02 15:31:48 [[31merror[39m] : [31mconnect ECONNREFUSED 127.0.0.1:6380[39m
2026-05-02 15:31:49 [[31merror[39m] : [31mconnect ECONNREFUSED 127.0.0.1:6380[39m
2026-05-02 15:31:50 [[31merror[39m] : [31mconnect ECONNREFUSED 127.0.0.1:6380[39m
2026-05-02 15:31:52 [[31merror[39m] : [31mconnect ECONNREFUSED 127.0.0.1:6380[39m
2026-05-02 15:32:49 [[31merror[39m] : [31mconnect ECONNREFUSED 127.0.0.1:6379[39m
2026-05-02 15:32:49 [[31merror[39m] : [31mconnect ECONNREFUSED 127.0.0.1:6379[39m
2026-05-02 15:32:50 [[31merror[39m] : [31mconnect ECONNREFUSED 127.0.0.1:6379[39m
2026-05-02 15:32:50 [[31merror[39m] : [31mconnect ECONNREFUSED 127.0.0.1:6379[39m
2026-05-02 15:32:50 [[31merror[39m] : [31mconnect ECONNREFUSED 127.0.0.1:6379[39m
2026-05-02 15:32:51 [[31merror[39m] : [31mconnect ECONNREFUSED 127.0.0.1:6379[39m
2026-05-02 15:44:34 [[31merror[39m] : [31mSuperAdmin email is required[39m
2026-05-02 15:49:07 [[31merror[39m] : [31mSuperAdmin email is required[39m
2026-05-02 18:53:20 [[31merror[39m] : [31m[39m
[31mInvalid `prisma.authUser.create()` invocation in[39m
[31mC:\Users\Hriti\scaffsnap_updated\services\auth-services\src\init\default.superAdmin.ts:24:38[39m

[31m  21 const tempPass = crypto.randomBytes(6).toString("hex");[39m
[31m  22 const hashedPassword = await bcrypt.hash(tempPass, 12);[39m
[31m  23 [39m
[31m→ 24 const user = await prisma.authUser.create([39m
[31mUnique constraint failed on the constraint: `AuthCredentials_email_key`[39m
2026-05-02 18:54:10 [[31merror[39m] : [31m[39m
[31mInvalid `prisma.authUser.create()` invocation in[39m
[31mC:\Users\Hriti\scaffsnap_updated\services\auth-services\src\init\default.superAdmin.ts:24:38[39m

[31m  21 const tempPass = crypto.randomBytes(6).toString("hex");[39m
[31m  22 const hashedPassword = await bcrypt.hash(tempPass, 12);[39m
[31m  23 [39m
[31m→ 24 const user = await prisma.authUser.create([39m
[31mUnique constraint failed on the constraint: `AuthCredentials_email_key`[39m
2026-05-04 17:58:20 [[31merror[39m] : Error: deviceToken is required
    at createError (/home/hritikbhadauria/.local/share/Trash/files/scaffsnap_updated.2/scaffsnap_updated/services/auth-services/src/utils/index.ts:2:24)
    at AuthService.logout (/home/hritikbhadauria/.local/share/Trash/files/scaffsnap_updated.2/scaffsnap_updated/services/auth-services/src/services/auth-services.ts:272:26)
    at AuthController.logout (/home/hritikbhadauria/.local/share/Trash/files/scaffsnap_updated.2/scaffsnap_updated/services/auth-services/src/controller/auth-controller.ts:74:45)
    at Layer.handleRequest (/home/hritikbhadauria/.local/share/Trash/files/scaffsnap_updated.2/scaffsnap_updated/node_modules/router/lib/layer.js:152:17)
    at next (/home/hritikbhadauria/.local/share/Trash/files/scaffsnap_updated.2/scaffsnap_updated/node_modules/router/lib/route.js:157:13)
    at verifyToken (/home/hritikbhadauria/.local/share/Trash/files/scaffsnap_updated.2/scaffsnap_updated/services/auth-services/src/middleware/auth-middleware.ts:53:9)
    at Layer.handleRequest (/home/hritikbhadauria/.local/share/Trash/files/scaffsnap_updated.2/scaffsnap_updated/node_modules/router/lib/layer.js:152:17)
    at next (/home/hritikbhadauria/.local/share/Trash/files/scaffsnap_updated.2/scaffsnap_updated/node_modules/router/lib/route.js:157:13)
    at Route.dispatch (/home/hritikbhadauria/.local/share/Trash/files/scaffsnap_updated.2/scaffsnap_updated/node_modules/router/lib/route.js:117:3)
    at handle (/home/hritikbhadauria/.local/share/Trash/files/scaffsnap_updated.2/scaffsnap_updated/node_modules/router/index.js:435:11)
2026-05-04 18:08:52 [[31merror[39m] : Error: deviceToken is required
    at createError (/home/hritikbhadauria/.local/share/Trash/files/scaffsnap_updated.2/scaffsnap_updated/services/auth-services/src/utils/index.ts:2:24)
    at AuthService.logout (/home/hritikbhadauria/.local/share/Trash/files/scaffsnap_updated.2/scaffsnap_updated/services/auth-services/src/services/auth-services.ts:272:26)
    at AuthController.logout (/home/hritikbhadauria/.local/share/Trash/files/scaffsnap_updated.2/scaffsnap_updated/services/auth-services/src/controller/auth-controller.ts:74:45)
    at Layer.handleRequest (/home/hritikbhadauria/.local/share/Trash/files/scaffsnap_updated.2/scaffsnap_updated/node_modules/router/lib/layer.js:152:17)
    at next (/home/hritikbhadauria/.local/share/Trash/files/scaffsnap_updated.2/scaffsnap_updated/node_modules/router/lib/route.js:157:13)
    at verifyToken (/home/hritikbhadauria/.local/share/Trash/files/scaffsnap_updated.2/scaffsnap_updated/services/auth-services/src/middleware/auth-middleware.ts:53:9)
    at Layer.handleRequest (/home/hritikbhadauria/.local/share/Trash/files/scaffsnap_updated.2/scaffsnap_updated/node_modules/router/lib/layer.js:152:17)
    at next (/home/hritikbhadauria/.local/share/Trash/files/scaffsnap_updated.2/scaffsnap_updated/node_modules/router/lib/route.js:157:13)
    at Route.dispatch (/home/hritikbhadauria/.local/share/Trash/files/scaffsnap_updated.2/scaffsnap_updated/node_modules/router/lib/route.js:117:3)
    at handle (/home/hritikbhadauria/.local/share/Trash/files/scaffsnap_updated.2/scaffsnap_updated/node_modules/router/index.js:435:11)
2026-05-04 18:10:36 [[31merror[39m] : Error: deviceToken is required
    at createError (/home/hritikbhadauria/.local/share/Trash/files/scaffsnap_updated.2/scaffsnap_updated/services/auth-services/src/utils/index.ts:2:24)
    at AuthService.logout (/home/hritikbhadauria/.local/share/Trash/files/scaffsnap_updated.2/scaffsnap_updated/services/auth-services/src/services/auth-services.ts:272:26)
    at AuthController.logout (/home/hritikbhadauria/.local/share/Trash/files/scaffsnap_updated.2/scaffsnap_updated/services/auth-services/src/controller/auth-controller.ts:74:45)
    at Layer.handleRequest (/home/hritikbhadauria/.local/share/Trash/files/scaffsnap_updated.2/scaffsnap_updated/node_modules/router/lib/layer.js:152:17)
    at next (/home/hritikbhadauria/.local/share/Trash/files/scaffsnap_updated.2/scaffsnap_updated/node_modules/router/lib/route.js:157:13)
    at verifyToken (/home/hritikbhadauria/.local/share/Trash/files/scaffsnap_updated.2/scaffsnap_updated/services/auth-services/src/middleware/auth-middleware.ts:53:9)
    at Layer.handleRequest (/home/hritikbhadauria/.local/share/Trash/files/scaffsnap_updated.2/scaffsnap_updated/node_modules/router/lib/layer.js:152:17)
    at next (/home/hritikbhadauria/.local/share/Trash/files/scaffsnap_updated.2/scaffsnap_updated/node_modules/router/lib/route.js:157:13)
    at Route.dispatch (/home/hritikbhadauria/.local/share/Trash/files/scaffsnap_updated.2/scaffsnap_updated/node_modules/router/lib/route.js:117:3)
    at handle (/home/hritikbhadauria/.local/share/Trash/files/scaffsnap_updated.2/scaffsnap_updated/node_modules/router/index.js:435:11)
2026-05-04 18:13:51 [[31merror[39m] : Error: deviceToken is required
    at createError (/home/hritikbhadauria/.local/share/Trash/files/scaffsnap_updated.2/scaffsnap_updated/services/auth-services/src/utils/index.ts:2:24)
    at AuthService.logout (/home/hritikbhadauria/.local/share/Trash/files/scaffsnap_updated.2/scaffsnap_updated/services/auth-services/src/services/auth-services.ts:272:30)
    at AuthController.logout (/home/hritikbhadauria/.local/share/Trash/files/scaffsnap_updated.2/scaffsnap_updated/services/auth-services/src/controller/auth-controller.ts:75:45)
    at Layer.handleRequest (/home/hritikbhadauria/.local/share/Trash/files/scaffsnap_updated.2/scaffsnap_updated/node_modules/router/lib/layer.js:152:17)
    at next (/home/hritikbhadauria/.local/share/Trash/files/scaffsnap_updated.2/scaffsnap_updated/node_modules/router/lib/route.js:157:13)
    at verifyToken (/home/hritikbhadauria/.local/share/Trash/files/scaffsnap_updated.2/scaffsnap_updated/services/auth-services/src/middleware/auth-middleware.ts:53:9)
    at Layer.handleRequest (/home/hritikbhadauria/.local/share/Trash/files/scaffsnap_updated.2/scaffsnap_updated/node_modules/router/lib/layer.js:152:17)
    at next (/home/hritikbhadauria/.local/share/Trash/files/scaffsnap_updated.2/scaffsnap_updated/node_modules/router/lib/route.js:157:13)
    at Route.dispatch (/home/hritikbhadauria/.local/share/Trash/files/scaffsnap_updated.2/scaffsnap_updated/node_modules/router/lib/route.js:117:3)
    at handle (/home/hritikbhadauria/.local/share/Trash/files/scaffsnap_updated.2/scaffsnap_updated/node_modules/router/index.js:435:11)
2026-05-04 22:56:33 [[31merror[39m] : [31mError querying the database: Server error: `ERROR 28000 (1698): Access denied for user 'root'@'localhost''[39m
2026-05-04 22:57:49 [[31merror[39m] : [31mError querying the database: Server error: `ERROR 28000 (1698): Access denied for user 'root'@'localhost''[39m
2026-05-04 22:58:26 [[31merror[39m] : [31mError querying the database: Server error: `ERROR 28000 (1698): Access denied for user 'root'@'localhost''[39m
2026-05-04 22:58:46 [[31merror[39m] : [31mError querying the database: Server error: `ERROR 28000 (1698): Access denied for user 'root'@'localhost''[39m
2026-05-04 23:01:17 [[31merror[39m] : [31mDatabase `SCAFFSNAPP_BACKEND` does not exist[39m
2026-05-04 23:03:30 [[31merror[39m] : [31mDatabase `SCAFFSNAPP_BACKEND` does not exist[39m
2026-05-04 23:05:16 [[31merror[39m] : [31m[39m
[31mInvalid `prisma.authCredentials.findUnique()` invocation in[39m
[31mC:\Users\Hriti\OneDrive\Desktop\scaffsnap_updated\services\auth-services\src\init\default.superAdmin.ts:6:51[39m

[31m  3 import crypto from "node:crypto"; [39m
[31m  4 [39m
[31m  5 export const createDefaultSuperAdmin = async (email: string) => {[39m
[31m→ 6 const existingUser = await prisma.authCredentials.findUnique([39m
[31mThe table `AuthCredentials` does not exist in the current database.[39m
2026-05-04 23:06:09 [[31merror[39m] : [31m[39m
[31mInvalid `prisma.authCredentials.findUnique()` invocation in[39m
[31mC:\Users\Hriti\OneDrive\Desktop\scaffsnap_updated\services\auth-services\src\init\default.superAdmin.ts:6:51[39m

[31m  3 import crypto from "node:crypto"; [39m
[31m  4 [39m
[31m  5 export const createDefaultSuperAdmin = async (email: string) => {[39m
[31m→ 6 const existingUser = await prisma.authCredentials.findUnique([39m
[31mThe table `AuthCredentials` does not exist in the current database.[39m
