2026-05-04 17:58:20 [[31merror[39m] : Error: deviceToken is required
    at createError (/home/hritikbhadauria/.local/share/Trash/files/scaffsnap_updated.2/scaffsnap_updated/services/auth-services/src/utils/index.ts:2:24)
    at AuthService.logout (/home/hritikbhadauria/.local/share/Trash/files/scaffsnap_updated.2/scaffsnap_updated/services/auth-services/src/services/auth-services.ts:272:26)
    at AuthController.logout (/home/hritikbhadauria/.local/share/Trash/files/scaffsnap_updated.2/scaffsnap_updated/services/auth-services/src/controller/auth-controller.ts:74:45)
    at Layer.handleRequest (/home/hritikbhadauria/.local/share/Trash/files/scaffsnap_updated.2/scaffsnap_updated/node_modules/router/lib/layer.js:152:17)
    at next (/home/hritikbhadauria/.local/share/Trash/files/scaffsnap_updated.2/scaffsnap_updated/node_modules/router/lib/route.js:157:13)
    at verifyToken (/home/hritikbhadauria/.local/share/Trash/files/scaffsnap_updated.2/scaffsnap_updated/services/auth-services/src/middleware/auth-middleware.ts:53:9)
    at Layer.handleRequest (/home/hritikbhadauria/.local/share/Trash/files/scaffsnap_updated.2/scaffsnap_updated/node_modules/router/lib/layer.js:152:17)
    at next (/home/hritikbhadauria/.local/share/Trash/files/scaffsnap_updated.2/scaffsnap_updated/node_modules/router/lib/route.js:157:13)
    at Route.dispatch (/home/hritikbhadauria/.local/share/Trash/files/scaffsnap_updated.2/scaffsnap_updated/node_modules/router/lib/route.js:117:3)
    at handle (/home/hritikbhadauria/.local/share/Trash/files/scaffsnap_updated.2/scaffsnap_updated/node_modules/router/index.js:435:11)
2026-05-04 18:08:52 [[31merror[39m] : Error: deviceToken is required
    at createError (/home/hritikbhadauria/.local/share/Trash/files/scaffsnap_updated.2/scaffsnap_updated/services/auth-services/src/utils/index.ts:2:24)
    at AuthService.logout (/home/hritikbhadauria/.local/share/Trash/files/scaffsnap_updated.2/scaffsnap_updated/services/auth-services/src/services/auth-services.ts:272:26)
    at AuthController.logout (/home/hritikbhadauria/.local/share/Trash/files/scaffsnap_updated.2/scaffsnap_updated/services/auth-services/src/controller/auth-controller.ts:74:45)
    at Layer.handleRequest (/home/hritikbhadauria/.local/share/Trash/files/scaffsnap_updated.2/scaffsnap_updated/node_modules/router/lib/layer.js:152:17)
    at next (/home/hritikbhadauria/.local/share/Trash/files/scaffsnap_updated.2/scaffsnap_updated/node_modules/router/lib/route.js:157:13)
    at verifyToken (/home/hritikbhadauria/.local/share/Trash/files/scaffsnap_updated.2/scaffsnap_updated/services/auth-services/src/middleware/auth-middleware.ts:53:9)
    at Layer.handleRequest (/home/hritikbhadauria/.local/share/Trash/files/scaffsnap_updated.2/scaffsnap_updated/node_modules/router/lib/layer.js:152:17)
    at next (/home/hritikbhadauria/.local/share/Trash/files/scaffsnap_updated.2/scaffsnap_updated/node_modules/router/lib/route.js:157:13)
    at Route.dispatch (/home/hritikbhadauria/.local/share/Trash/files/scaffsnap_updated.2/scaffsnap_updated/node_modules/router/lib/route.js:117:3)
    at handle (/home/hritikbhadauria/.local/share/Trash/files/scaffsnap_updated.2/scaffsnap_updated/node_modules/router/index.js:435:11)
2026-05-04 18:10:36 [[31merror[39m] : Error: deviceToken is required
    at createError (/home/hritikbhadauria/.local/share/Trash/files/scaffsnap_updated.2/scaffsnap_updated/services/auth-services/src/utils/index.ts:2:24)
    at AuthService.logout (/home/hritikbhadauria/.local/share/Trash/files/scaffsnap_updated.2/scaffsnap_updated/services/auth-services/src/services/auth-services.ts:272:26)
    at AuthController.logout (/home/hritikbhadauria/.local/share/Trash/files/scaffsnap_updated.2/scaffsnap_updated/services/auth-services/src/controller/auth-controller.ts:74:45)
    at Layer.handleRequest (/home/hritikbhadauria/.local/share/Trash/files/scaffsnap_updated.2/scaffsnap_updated/node_modules/router/lib/layer.js:152:17)
    at next (/home/hritikbhadauria/.local/share/Trash/files/scaffsnap_updated.2/scaffsnap_updated/node_modules/router/lib/route.js:157:13)
    at verifyToken (/home/hritikbhadauria/.local/share/Trash/files/scaffsnap_updated.2/scaffsnap_updated/services/auth-services/src/middleware/auth-middleware.ts:53:9)
    at Layer.handleRequest (/home/hritikbhadauria/.local/share/Trash/files/scaffsnap_updated.2/scaffsnap_updated/node_modules/router/lib/layer.js:152:17)
    at next (/home/hritikbhadauria/.local/share/Trash/files/scaffsnap_updated.2/scaffsnap_updated/node_modules/router/lib/route.js:157:13)
    at Route.dispatch (/home/hritikbhadauria/.local/share/Trash/files/scaffsnap_updated.2/scaffsnap_updated/node_modules/router/lib/route.js:117:3)
    at handle (/home/hritikbhadauria/.local/share/Trash/files/scaffsnap_updated.2/scaffsnap_updated/node_modules/router/index.js:435:11)
2026-05-04 18:13:51 [[31merror[39m] : Error: deviceToken is required
    at createError (/home/hritikbhadauria/.local/share/Trash/files/scaffsnap_updated.2/scaffsnap_updated/services/auth-services/src/utils/index.ts:2:24)
    at AuthService.logout (/home/hritikbhadauria/.local/share/Trash/files/scaffsnap_updated.2/scaffsnap_updated/services/auth-services/src/services/auth-services.ts:272:30)
    at AuthController.logout (/home/hritikbhadauria/.local/share/Trash/files/scaffsnap_updated.2/scaffsnap_updated/services/auth-services/src/controller/auth-controller.ts:75:45)
    at Layer.handleRequest (/home/hritikbhadauria/.local/share/Trash/files/scaffsnap_updated.2/scaffsnap_updated/node_modules/router/lib/layer.js:152:17)
    at next (/home/hritikbhadauria/.local/share/Trash/files/scaffsnap_updated.2/scaffsnap_updated/node_modules/router/lib/route.js:157:13)
    at verifyToken (/home/hritikbhadauria/.local/share/Trash/files/scaffsnap_updated.2/scaffsnap_updated/services/auth-services/src/middleware/auth-middleware.ts:53:9)
    at Layer.handleRequest (/home/hritikbhadauria/.local/share/Trash/files/scaffsnap_updated.2/scaffsnap_updated/node_modules/router/lib/layer.js:152:17)
    at next (/home/hritikbhadauria/.local/share/Trash/files/scaffsnap_updated.2/scaffsnap_updated/node_modules/router/lib/route.js:157:13)
    at Route.dispatch (/home/hritikbhadauria/.local/share/Trash/files/scaffsnap_updated.2/scaffsnap_updated/node_modules/router/lib/route.js:117:3)
    at handle (/home/hritikbhadauria/.local/share/Trash/files/scaffsnap_updated.2/scaffsnap_updated/node_modules/router/index.js:435:11)
